C:\Program Files\Microsoft Visual Studio\2022\Community\MSBuild\Microsoft\VC\v170\Microsoft.CppBuild.targets(510,5): warning MSB8028: The intermediate directory (x64\Release\) contains files shared from another project (program.vcxproj).  This can lead to incorrect clean and rebuild behavior.
  Action.cpp
  DataSet.cpp
  ForwardKinematics.cpp
C:\Users\User\Documents\aSpring_2022\Robot Kinematics\dynamixel\Examples\example_Refactored\program\ForwardKinematics.cpp(32,10): warning C4244: 'argument': conversion from 'double' to 'const float', possible loss of data
C:\Users\User\Documents\aSpring_2022\Robot Kinematics\dynamixel\Examples\example_Refactored\program\ForwardKinematics.cpp(32,25): warning C4244: 'argument': conversion from 'double' to 'const float', possible loss of data
C:\Users\User\Documents\aSpring_2022\Robot Kinematics\dynamixel\Examples\example_Refactored\program\ForwardKinematics.cpp(32,45): warning C4244: 'argument': conversion from 'double' to 'const float', possible loss of data
C:\Users\User\Documents\aSpring_2022\Robot Kinematics\dynamixel\Examples\example_Refactored\program\ForwardKinematics.cpp(33,16): warning C4244: 'argument': conversion from 'double' to 'const float', possible loss of data
C:\Users\User\Documents\aSpring_2022\Robot Kinematics\dynamixel\Examples\example_Refactored\program\ForwardKinematics.cpp(33,43): warning C4244: 'argument': conversion from 'double' to 'const float', possible loss of data
C:\Users\User\Documents\aSpring_2022\Robot Kinematics\dynamixel\Examples\example_Refactored\program\ForwardKinematics.cpp(33,60): warning C4244: 'argument': conversion from 'double' to 'const float', possible loss of data
C:\Users\User\Documents\aSpring_2022\Robot Kinematics\dynamixel\Examples\example_Refactored\program\ForwardKinematics.cpp(33,90): warning C4244: 'argument': conversion from 'double' to 'const float', possible loss of data
C:\Users\User\Documents\aSpring_2022\Robot Kinematics\dynamixel\Examples\example_Refactored\program\ForwardKinematics.cpp(34,16): warning C4244: 'argument': conversion from 'double' to 'const float', possible loss of data
C:\Users\User\Documents\aSpring_2022\Robot Kinematics\dynamixel\Examples\example_Refactored\program\ForwardKinematics.cpp(34,43): warning C4244: 'argument': conversion from 'double' to 'const float', possible loss of data
C:\Users\User\Documents\aSpring_2022\Robot Kinematics\dynamixel\Examples\example_Refactored\program\ForwardKinematics.cpp(34,60): warning C4244: 'argument': conversion from 'double' to 'const float', possible loss of data
C:\Users\User\Documents\aSpring_2022\Robot Kinematics\dynamixel\Examples\example_Refactored\program\ForwardKinematics.cpp(34,79): warning C4244: 'argument': conversion from 'double' to 'const float', possible loss of data
  GaussianMixModel.cpp
  MotorModel.cpp
  Source.cpp
C:\Users\User\Documents\aSpring_2022\Robot Kinematics\dynamixel\Examples\include\group_bulk_read.h(43,35): warning C4251: 'dynamixel::GroupBulkRead::id_list_': class 'std::vector<uint8_t,std::allocator<uint8_t>>' needs to have dll-interface to be used by clients of class 'dynamixel::GroupBulkRead'
C:\Users\User\Documents\aSpring_2022\Robot Kinematics\dynamixel\Examples\include\packet_handler.h(205): message : see declaration of 'std::vector<uint8_t,std::allocator<uint8_t>>'
C:\Users\User\Documents\aSpring_2022\Robot Kinematics\dynamixel\Examples\include\group_bulk_read.h(44,35): warning C4251: 'dynamixel::GroupBulkRead::address_list_': class 'std::map<uint8_t,uint16_t,std::less<uint8_t>,std::allocator<std::pair<const uint8_t,uint16_t>>>' needs to have dll-interface to be used by clients of class 'dynamixel::GroupBulkRead'
C:\Users\User\Documents\aSpring_2022\Robot Kinematics\dynamixel\Examples\include\group_bulk_read.h(44): message : see declaration of 'std::map<uint8_t,uint16_t,std::less<uint8_t>,std::allocator<std::pair<const uint8_t,uint16_t>>>'
C:\Users\User\Documents\aSpring_2022\Robot Kinematics\dynamixel\Examples\include\group_bulk_read.h(45,35): warning C4251: 'dynamixel::GroupBulkRead::length_list_': class 'std::map<uint8_t,uint16_t,std::less<uint8_t>,std::allocator<std::pair<const uint8_t,uint16_t>>>' needs to have dll-interface to be used by clients of class 'dynamixel::GroupBulkRead'
C:\Users\User\Documents\aSpring_2022\Robot Kinematics\dynamixel\Examples\include\group_bulk_read.h(44): message : see declaration of 'std::map<uint8_t,uint16_t,std::less<uint8_t>,std::allocator<std::pair<const uint8_t,uint16_t>>>'
C:\Users\User\Documents\aSpring_2022\Robot Kinematics\dynamixel\Examples\include\group_bulk_read.h(46,35): warning C4251: 'dynamixel::GroupBulkRead::data_list_': class 'std::map<uint8_t,uint8_t *,std::less<uint8_t>,std::allocator<std::pair<const uint8_t,uint8_t *>>>' needs to have dll-interface to be used by clients of class 'dynamixel::GroupBulkRead'
C:\Users\User\Documents\aSpring_2022\Robot Kinematics\dynamixel\Examples\include\group_bulk_read.h(46): message : see declaration of 'std::map<uint8_t,uint8_t *,std::less<uint8_t>,std::allocator<std::pair<const uint8_t,uint8_t *>>>'
C:\Users\User\Documents\aSpring_2022\Robot Kinematics\dynamixel\Examples\include\group_bulk_read.h(47,35): warning C4251: 'dynamixel::GroupBulkRead::error_list_': class 'std::map<uint8_t,uint8_t *,std::less<uint8_t>,std::allocator<std::pair<const uint8_t,uint8_t *>>>' needs to have dll-interface to be used by clients of class 'dynamixel::GroupBulkRead'
C:\Users\User\Documents\aSpring_2022\Robot Kinematics\dynamixel\Examples\include\group_bulk_read.h(46): message : see declaration of 'std::map<uint8_t,uint8_t *,std::less<uint8_t>,std::allocator<std::pair<const uint8_t,uint8_t *>>>'
C:\Users\User\Documents\aSpring_2022\Robot Kinematics\dynamixel\Examples\include\group_bulk_write.h(43,35): warning C4251: 'dynamixel::GroupBulkWrite::id_list_': class 'std::vector<uint8_t,std::allocator<uint8_t>>' needs to have dll-interface to be used by clients of class 'dynamixel::GroupBulkWrite'
C:\Users\User\Documents\aSpring_2022\Robot Kinematics\dynamixel\Examples\include\packet_handler.h(205): message : see declaration of 'std::vector<uint8_t,std::allocator<uint8_t>>'
C:\Users\User\Documents\aSpring_2022\Robot Kinematics\dynamixel\Examples\include\group_bulk_write.h(44,35): warning C4251: 'dynamixel::GroupBulkWrite::address_list_': class 'std::map<uint8_t,uint16_t,std::less<uint8_t>,std::allocator<std::pair<const uint8_t,uint16_t>>>' needs to have dll-interface to be used by clients of class 'dynamixel::GroupBulkWrite'
C:\Users\User\Documents\aSpring_2022\Robot Kinematics\dynamixel\Examples\include\group_bulk_read.h(44): message : see declaration of 'std::map<uint8_t,uint16_t,std::less<uint8_t>,std::allocator<std::pair<const uint8_t,uint16_t>>>'
C:\Users\User\Documents\aSpring_2022\Robot Kinematics\dynamixel\Examples\include\group_bulk_write.h(45,35): warning C4251: 'dynamixel::GroupBulkWrite::length_list_': class 'std::map<uint8_t,uint16_t,std::less<uint8_t>,std::allocator<std::pair<const uint8_t,uint16_t>>>' needs to have dll-interface to be used by clients of class 'dynamixel::GroupBulkWrite'
C:\Users\User\Documents\aSpring_2022\Robot Kinematics\dynamixel\Examples\include\group_bulk_read.h(44): message : see declaration of 'std::map<uint8_t,uint16_t,std::less<uint8_t>,std::allocator<std::pair<const uint8_t,uint16_t>>>'
C:\Users\User\Documents\aSpring_2022\Robot Kinematics\dynamixel\Examples\include\group_bulk_write.h(46,35): warning C4251: 'dynamixel::GroupBulkWrite::data_list_': class 'std::map<uint8_t,uint8_t *,std::less<uint8_t>,std::allocator<std::pair<const uint8_t,uint8_t *>>>' needs to have dll-interface to be used by clients of class 'dynamixel::GroupBulkWrite'
C:\Users\User\Documents\aSpring_2022\Robot Kinematics\dynamixel\Examples\include\group_bulk_read.h(46): message : see declaration of 'std::map<uint8_t,uint8_t *,std::less<uint8_t>,std::allocator<std::pair<const uint8_t,uint8_t *>>>'
C:\Users\User\Documents\aSpring_2022\Robot Kinematics\dynamixel\Examples\include\group_sync_read.h(43,35): warning C4251: 'dynamixel::GroupSyncRead::id_list_': class 'std::vector<uint8_t,std::allocator<uint8_t>>' needs to have dll-interface to be used by clients of class 'dynamixel::GroupSyncRead'
C:\Users\User\Documents\aSpring_2022\Robot Kinematics\dynamixel\Examples\include\packet_handler.h(205): message : see declaration of 'std::vector<uint8_t,std::allocator<uint8_t>>'
C:\Users\User\Documents\aSpring_2022\Robot Kinematics\dynamixel\Examples\include\group_sync_read.h(44,35): warning C4251: 'dynamixel::GroupSyncRead::data_list_': class 'std::map<uint8_t,uint8_t *,std::less<uint8_t>,std::allocator<std::pair<const uint8_t,uint8_t *>>>' needs to have dll-interface to be used by clients of class 'dynamixel::GroupSyncRead'
C:\Users\User\Documents\aSpring_2022\Robot Kinematics\dynamixel\Examples\include\group_bulk_read.h(46): message : see declaration of 'std::map<uint8_t,uint8_t *,std::less<uint8_t>,std::allocator<std::pair<const uint8_t,uint8_t *>>>'
C:\Users\User\Documents\aSpring_2022\Robot Kinematics\dynamixel\Examples\include\group_sync_read.h(45,35): warning C4251: 'dynamixel::GroupSyncRead::error_list_': class 'std::map<uint8_t,uint8_t *,std::less<uint8_t>,std::allocator<std::pair<const uint8_t,uint8_t *>>>' needs to have dll-interface to be used by clients of class 'dynamixel::GroupSyncRead'
C:\Users\User\Documents\aSpring_2022\Robot Kinematics\dynamixel\Examples\include\group_bulk_read.h(46): message : see declaration of 'std::map<uint8_t,uint8_t *,std::less<uint8_t>,std::allocator<std::pair<const uint8_t,uint8_t *>>>'
C:\Users\User\Documents\aSpring_2022\Robot Kinematics\dynamixel\Examples\include\group_sync_write.h(43,35): warning C4251: 'dynamixel::GroupSyncWrite::id_list_': class 'std::vector<uint8_t,std::allocator<uint8_t>>' needs to have dll-interface to be used by clients of class 'dynamixel::GroupSyncWrite'
C:\Users\User\Documents\aSpring_2022\Robot Kinematics\dynamixel\Examples\include\packet_handler.h(205): message : see declaration of 'std::vector<uint8_t,std::allocator<uint8_t>>'
C:\Users\User\Documents\aSpring_2022\Robot Kinematics\dynamixel\Examples\include\group_sync_write.h(44,35): warning C4251: 'dynamixel::GroupSyncWrite::data_list_': class 'std::map<uint8_t,uint8_t *,std::less<uint8_t>,std::allocator<std::pair<const uint8_t,uint8_t *>>>' needs to have dll-interface to be used by clients of class 'dynamixel::GroupSyncWrite'
C:\Users\User\Documents\aSpring_2022\Robot Kinematics\dynamixel\Examples\include\group_bulk_read.h(46): message : see declaration of 'std::map<uint8_t,uint8_t *,std::less<uint8_t>,std::allocator<std::pair<const uint8_t,uint8_t *>>>'
  TrainingData.cpp
GaussianMixModel.obj : error LNK2005: "class std::vector<class Action,class std::allocator<class Action> > actions" (?actions@@3V?$vector@VAction@@V?$allocator@VAction@@@std@@@std@@A) already defined in Action.obj
GaussianMixModel.obj : error LNK2005: "class std::vector<double,class std::allocator<double> > output" (?output@@3V?$vector@NV?$allocator@N@std@@@std@@A) already defined in Action.obj
GaussianMixModel.obj : error LNK2005: "public: void __cdecl GaussianMixModel::addAction(class std::basic_string<char,struct std::char_traits<char>,class std::allocator<char> >)" (?addAction@GaussianMixModel@@QEAAXV?$basic_string@DU?$char_traits@D@std@@V?$allocator@D@2@@std@@@Z) already defined in Action.obj
GaussianMixModel.obj : error LNK2005: "public: class std::vector<double,class std::allocator<double> > __cdecl GaussianMixModel::GetActionAngles(int,class std::vector<float,class std::allocator<float> >)" (?GetActionAngles@GaussianMixModel@@QEAA?AV?$vector@NV?$allocator@N@std@@@std@@HV?$vector@MV?$allocator@M@std@@@3@@Z) already defined in Action.obj
GaussianMixModel.obj : error LNK2005: "public: static class std::vector<double,class std::allocator<double> > __cdecl GaussianMixModel::CalculateMotorAngles(int,class std::vector<float,class std::allocator<float> >)" (?CalculateMotorAngles@GaussianMixModel@@SA?AV?$vector@NV?$allocator@N@std@@@std@@HV?$vector@MV?$allocator@M@std@@@3@@Z) already defined in Action.obj
GaussianMixModel.obj : error LNK2005: "private: static double __cdecl GaussianMixModel::angleFromGaussian(float,double *,double *,double *)" (?angleFromGaussian@GaussianMixModel@@CANMPEAN00@Z) already defined in Action.obj
GaussianMixModel.obj : error LNK2005: "public: static void __cdecl GaussianMixModel::homeToCradleAngles(float)" (?homeToCradleAngles@GaussianMixModel@@SAXM@Z) already defined in Action.obj
GaussianMixModel.obj : error LNK2005: "public: static void __cdecl GaussianMixModel::DrawAngles(float)" (?DrawAngles@GaussianMixModel@@SAXM@Z) already defined in Action.obj
GaussianMixModel.obj : error LNK2005: "public: static void __cdecl GaussianMixModel::cradleToHomeAngles(float)" (?cradleToHomeAngles@GaussianMixModel@@SAXM@Z) already defined in Action.obj
GaussianMixModel.obj : error LNK2005: "public: __cdecl GaussianMixModel::GaussianMixModel(void)" (??0GaussianMixModel@@QEAA@XZ) already defined in Action.obj
C:\Users\User\Documents\aSpring_2022\Robot Kinematics\dynamixel\Examples\example_Refactored\x64\Release\read.exe : fatal error LNK1169: one or more multiply defined symbols found
