C:\Program Files\Microsoft Visual Studio\2022\Community\MSBuild\Microsoft\VC\v170\Microsoft.CppBuild.targets(510,5): warning MSB8028: The intermediate directory (x64\Release\) contains files shared from another project (program.vcxproj).  This can lead to incorrect clean and rebuild behavior.
  Source.cpp
C:\Users\User\Documents\aSpring 2022\Robot Kinematics\Projects\Robot-Kinematics\Examples\include\group_bulk_read.h(43,35): warning C4251: 'dynamixel::GroupBulkRead::id_list_': class 'std::vector<uint8_t,std::allocator<uint8_t>>' needs to have dll-interface to be used by clients of class 'dynamixel::GroupBulkRead'
C:\Users\User\Documents\aSpring 2022\Robot Kinematics\Projects\Robot-Kinematics\Examples\include\packet_handler.h(205): message : see declaration of 'std::vector<uint8_t,std::allocator<uint8_t>>'
C:\Users\User\Documents\aSpring 2022\Robot Kinematics\Projects\Robot-Kinematics\Examples\include\group_bulk_read.h(44,35): warning C4251: 'dynamixel::GroupBulkRead::address_list_': class 'std::map<uint8_t,uint16_t,std::less<uint8_t>,std::allocator<std::pair<const uint8_t,uint16_t>>>' needs to have dll-interface to be used by clients of class 'dynamixel::GroupBulkRead'
C:\Users\User\Documents\aSpring 2022\Robot Kinematics\Projects\Robot-Kinematics\Examples\include\group_bulk_read.h(44): message : see declaration of 'std::map<uint8_t,uint16_t,std::less<uint8_t>,std::allocator<std::pair<const uint8_t,uint16_t>>>'
C:\Users\User\Documents\aSpring 2022\Robot Kinematics\Projects\Robot-Kinematics\Examples\include\group_bulk_read.h(45,35): warning C4251: 'dynamixel::GroupBulkRead::length_list_': class 'std::map<uint8_t,uint16_t,std::less<uint8_t>,std::allocator<std::pair<const uint8_t,uint16_t>>>' needs to have dll-interface to be used by clients of class 'dynamixel::GroupBulkRead'
C:\Users\User\Documents\aSpring 2022\Robot Kinematics\Projects\Robot-Kinematics\Examples\include\group_bulk_read.h(44): message : see declaration of 'std::map<uint8_t,uint16_t,std::less<uint8_t>,std::allocator<std::pair<const uint8_t,uint16_t>>>'
C:\Users\User\Documents\aSpring 2022\Robot Kinematics\Projects\Robot-Kinematics\Examples\include\group_bulk_read.h(46,35): warning C4251: 'dynamixel::GroupBulkRead::data_list_': class 'std::map<uint8_t,uint8_t *,std::less<uint8_t>,std::allocator<std::pair<const uint8_t,uint8_t *>>>' needs to have dll-interface to be used by clients of class 'dynamixel::GroupBulkRead'
C:\Users\User\Documents\aSpring 2022\Robot Kinematics\Projects\Robot-Kinematics\Examples\include\group_bulk_read.h(46): message : see declaration of 'std::map<uint8_t,uint8_t *,std::less<uint8_t>,std::allocator<std::pair<const uint8_t,uint8_t *>>>'
C:\Users\User\Documents\aSpring 2022\Robot Kinematics\Projects\Robot-Kinematics\Examples\include\group_bulk_read.h(47,35): warning C4251: 'dynamixel::GroupBulkRead::error_list_': class 'std::map<uint8_t,uint8_t *,std::less<uint8_t>,std::allocator<std::pair<const uint8_t,uint8_t *>>>' needs to have dll-interface to be used by clients of class 'dynamixel::GroupBulkRead'
C:\Users\User\Documents\aSpring 2022\Robot Kinematics\Projects\Robot-Kinematics\Examples\include\group_bulk_read.h(46): message : see declaration of 'std::map<uint8_t,uint8_t *,std::less<uint8_t>,std::allocator<std::pair<const uint8_t,uint8_t *>>>'
C:\Users\User\Documents\aSpring 2022\Robot Kinematics\Projects\Robot-Kinematics\Examples\include\group_bulk_write.h(43,35): warning C4251: 'dynamixel::GroupBulkWrite::id_list_': class 'std::vector<uint8_t,std::allocator<uint8_t>>' needs to have dll-interface to be used by clients of class 'dynamixel::GroupBulkWrite'
C:\Users\User\Documents\aSpring 2022\Robot Kinematics\Projects\Robot-Kinematics\Examples\include\packet_handler.h(205): message : see declaration of 'std::vector<uint8_t,std::allocator<uint8_t>>'
C:\Users\User\Documents\aSpring 2022\Robot Kinematics\Projects\Robot-Kinematics\Examples\include\group_bulk_write.h(44,35): warning C4251: 'dynamixel::GroupBulkWrite::address_list_': class 'std::map<uint8_t,uint16_t,std::less<uint8_t>,std::allocator<std::pair<const uint8_t,uint16_t>>>' needs to have dll-interface to be used by clients of class 'dynamixel::GroupBulkWrite'
C:\Users\User\Documents\aSpring 2022\Robot Kinematics\Projects\Robot-Kinematics\Examples\include\group_bulk_read.h(44): message : see declaration of 'std::map<uint8_t,uint16_t,std::less<uint8_t>,std::allocator<std::pair<const uint8_t,uint16_t>>>'
C:\Users\User\Documents\aSpring 2022\Robot Kinematics\Projects\Robot-Kinematics\Examples\include\group_bulk_write.h(45,35): warning C4251: 'dynamixel::GroupBulkWrite::length_list_': class 'std::map<uint8_t,uint16_t,std::less<uint8_t>,std::allocator<std::pair<const uint8_t,uint16_t>>>' needs to have dll-interface to be used by clients of class 'dynamixel::GroupBulkWrite'
C:\Users\User\Documents\aSpring 2022\Robot Kinematics\Projects\Robot-Kinematics\Examples\include\group_bulk_read.h(44): message : see declaration of 'std::map<uint8_t,uint16_t,std::less<uint8_t>,std::allocator<std::pair<const uint8_t,uint16_t>>>'
C:\Users\User\Documents\aSpring 2022\Robot Kinematics\Projects\Robot-Kinematics\Examples\include\group_bulk_write.h(46,35): warning C4251: 'dynamixel::GroupBulkWrite::data_list_': class 'std::map<uint8_t,uint8_t *,std::less<uint8_t>,std::allocator<std::pair<const uint8_t,uint8_t *>>>' needs to have dll-interface to be used by clients of class 'dynamixel::GroupBulkWrite'
C:\Users\User\Documents\aSpring 2022\Robot Kinematics\Projects\Robot-Kinematics\Examples\include\group_bulk_read.h(46): message : see declaration of 'std::map<uint8_t,uint8_t *,std::less<uint8_t>,std::allocator<std::pair<const uint8_t,uint8_t *>>>'
C:\Users\User\Documents\aSpring 2022\Robot Kinematics\Projects\Robot-Kinematics\Examples\include\group_sync_read.h(43,35): warning C4251: 'dynamixel::GroupSyncRead::id_list_': class 'std::vector<uint8_t,std::allocator<uint8_t>>' needs to have dll-interface to be used by clients of class 'dynamixel::GroupSyncRead'
C:\Users\User\Documents\aSpring 2022\Robot Kinematics\Projects\Robot-Kinematics\Examples\include\packet_handler.h(205): message : see declaration of 'std::vector<uint8_t,std::allocator<uint8_t>>'
C:\Users\User\Documents\aSpring 2022\Robot Kinematics\Projects\Robot-Kinematics\Examples\include\group_sync_read.h(44,35): warning C4251: 'dynamixel::GroupSyncRead::data_list_': class 'std::map<uint8_t,uint8_t *,std::less<uint8_t>,std::allocator<std::pair<const uint8_t,uint8_t *>>>' needs to have dll-interface to be used by clients of class 'dynamixel::GroupSyncRead'
C:\Users\User\Documents\aSpring 2022\Robot Kinematics\Projects\Robot-Kinematics\Examples\include\group_bulk_read.h(46): message : see declaration of 'std::map<uint8_t,uint8_t *,std::less<uint8_t>,std::allocator<std::pair<const uint8_t,uint8_t *>>>'
C:\Users\User\Documents\aSpring 2022\Robot Kinematics\Projects\Robot-Kinematics\Examples\include\group_sync_read.h(45,35): warning C4251: 'dynamixel::GroupSyncRead::error_list_': class 'std::map<uint8_t,uint8_t *,std::less<uint8_t>,std::allocator<std::pair<const uint8_t,uint8_t *>>>' needs to have dll-interface to be used by clients of class 'dynamixel::GroupSyncRead'
C:\Users\User\Documents\aSpring 2022\Robot Kinematics\Projects\Robot-Kinematics\Examples\include\group_bulk_read.h(46): message : see declaration of 'std::map<uint8_t,uint8_t *,std::less<uint8_t>,std::allocator<std::pair<const uint8_t,uint8_t *>>>'
C:\Users\User\Documents\aSpring 2022\Robot Kinematics\Projects\Robot-Kinematics\Examples\include\group_sync_write.h(43,35): warning C4251: 'dynamixel::GroupSyncWrite::id_list_': class 'std::vector<uint8_t,std::allocator<uint8_t>>' needs to have dll-interface to be used by clients of class 'dynamixel::GroupSyncWrite'
C:\Users\User\Documents\aSpring 2022\Robot Kinematics\Projects\Robot-Kinematics\Examples\include\packet_handler.h(205): message : see declaration of 'std::vector<uint8_t,std::allocator<uint8_t>>'
C:\Users\User\Documents\aSpring 2022\Robot Kinematics\Projects\Robot-Kinematics\Examples\include\group_sync_write.h(44,35): warning C4251: 'dynamixel::GroupSyncWrite::data_list_': class 'std::map<uint8_t,uint8_t *,std::less<uint8_t>,std::allocator<std::pair<const uint8_t,uint8_t *>>>' needs to have dll-interface to be used by clients of class 'dynamixel::GroupSyncWrite'
C:\Users\User\Documents\aSpring 2022\Robot Kinematics\Projects\Robot-Kinematics\Examples\include\group_bulk_read.h(46): message : see declaration of 'std::map<uint8_t,uint8_t *,std::less<uint8_t>,std::allocator<std::pair<const uint8_t,uint8_t *>>>'
C:\Users\User\Documents\aSpring 2022\Robot Kinematics\Projects\Robot-Kinematics\Examples\example_record\program\Source.cpp(58,33): warning C4305: 'initializing': truncation from 'double' to 'float'
C:\Users\User\Documents\aSpring 2022\Robot Kinematics\Projects\Robot-Kinematics\Examples\example_record\program\Source.cpp(61,35): warning C4305: 'initializing': truncation from 'double' to 'float'
C:\Users\User\Documents\aSpring 2022\Robot Kinematics\Projects\Robot-Kinematics\Examples\example_record\program\Source.cpp(62,2): error C2065: 'DoActions': undeclared identifier
C:\Users\User\Documents\aSpring 2022\Robot Kinematics\Projects\Robot-Kinematics\Examples\example_record\program\Source.cpp(62,12): error C2146: syntax error: missing ';' before identifier 'mathActions'
C:\Users\User\Documents\aSpring 2022\Robot Kinematics\Projects\Robot-Kinematics\Examples\example_record\program\Source.cpp(62,12): error C2065: 'mathActions': undeclared identifier
