C:\Program Files\Microsoft Visual Studio\2022\Community\MSBuild\Microsoft\VC\v170\Microsoft.CppBuild.targets(514,5): warning MSB8028: The intermediate directory (x64\Release\) contains files shared from another project (program.vcxproj).  This can lead to incorrect clean and rebuild behavior.
  ForwardKinematics.cpp
C:\Users\Byte\Downloads\Robot-Kinematics-main(1)\Robot-Kinematics-main\Examples\Inverse Kinematic Control\program\ForwardKinematics.cpp(32,10): warning C4244: 'argument': conversion from 'double' to 'const float', possible loss of data
C:\Users\Byte\Downloads\Robot-Kinematics-main(1)\Robot-Kinematics-main\Examples\Inverse Kinematic Control\program\ForwardKinematics.cpp(32,25): warning C4244: 'argument': conversion from 'double' to 'const float', possible loss of data
C:\Users\Byte\Downloads\Robot-Kinematics-main(1)\Robot-Kinematics-main\Examples\Inverse Kinematic Control\program\ForwardKinematics.cpp(32,45): warning C4244: 'argument': conversion from 'double' to 'const float', possible loss of data
C:\Users\Byte\Downloads\Robot-Kinematics-main(1)\Robot-Kinematics-main\Examples\Inverse Kinematic Control\program\ForwardKinematics.cpp(33,16): warning C4244: 'argument': conversion from 'double' to 'const float', possible loss of data
C:\Users\Byte\Downloads\Robot-Kinematics-main(1)\Robot-Kinematics-main\Examples\Inverse Kinematic Control\program\ForwardKinematics.cpp(33,43): warning C4244: 'argument': conversion from 'double' to 'const float', possible loss of data
C:\Users\Byte\Downloads\Robot-Kinematics-main(1)\Robot-Kinematics-main\Examples\Inverse Kinematic Control\program\ForwardKinematics.cpp(33,60): warning C4244: 'argument': conversion from 'double' to 'const float', possible loss of data
C:\Users\Byte\Downloads\Robot-Kinematics-main(1)\Robot-Kinematics-main\Examples\Inverse Kinematic Control\program\ForwardKinematics.cpp(33,90): warning C4244: 'argument': conversion from 'double' to 'const float', possible loss of data
C:\Users\Byte\Downloads\Robot-Kinematics-main(1)\Robot-Kinematics-main\Examples\Inverse Kinematic Control\program\ForwardKinematics.cpp(34,16): warning C4244: 'argument': conversion from 'double' to 'const float', possible loss of data
C:\Users\Byte\Downloads\Robot-Kinematics-main(1)\Robot-Kinematics-main\Examples\Inverse Kinematic Control\program\ForwardKinematics.cpp(34,43): warning C4244: 'argument': conversion from 'double' to 'const float', possible loss of data
C:\Users\Byte\Downloads\Robot-Kinematics-main(1)\Robot-Kinematics-main\Examples\Inverse Kinematic Control\program\ForwardKinematics.cpp(34,60): warning C4244: 'argument': conversion from 'double' to 'const float', possible loss of data
C:\Users\Byte\Downloads\Robot-Kinematics-main(1)\Robot-Kinematics-main\Examples\Inverse Kinematic Control\program\ForwardKinematics.cpp(34,79): warning C4244: 'argument': conversion from 'double' to 'const float', possible loss of data
  Jacobian.cpp
C:\Users\Byte\Downloads\Robot-Kinematics-main(1)\Robot-Kinematics-main\Examples\Inverse Kinematic Control\program\Jacobian.cpp(78,32): warning C4834: discarding return value of function with 'nodiscard' attribute
  Source.cpp
C:\Users\Byte\Downloads\Robot-Kinematics-main(1)\Robot-Kinematics-main\Examples\include\group_bulk_read.h(43,35): warning C4251: 'dynamixel::GroupBulkRead::id_list_': class 'std::vector<uint8_t,std::allocator<uint8_t>>' needs to have dll-interface to be used by clients of class 'dynamixel::GroupBulkRead'
C:\Users\Byte\Downloads\Robot-Kinematics-main(1)\Robot-Kinematics-main\Examples\include\packet_handler.h(205): message : see declaration of 'std::vector<uint8_t,std::allocator<uint8_t>>'
C:\Users\Byte\Downloads\Robot-Kinematics-main(1)\Robot-Kinematics-main\Examples\include\group_bulk_read.h(44,35): warning C4251: 'dynamixel::GroupBulkRead::address_list_': class 'std::map<uint8_t,uint16_t,std::less<uint8_t>,std::allocator<std::pair<const uint8_t,uint16_t>>>' needs to have dll-interface to be used by clients of class 'dynamixel::GroupBulkRead'
C:\Users\Byte\Downloads\Robot-Kinematics-main(1)\Robot-Kinematics-main\Examples\include\group_bulk_read.h(44): message : see declaration of 'std::map<uint8_t,uint16_t,std::less<uint8_t>,std::allocator<std::pair<const uint8_t,uint16_t>>>'
C:\Users\Byte\Downloads\Robot-Kinematics-main(1)\Robot-Kinematics-main\Examples\include\group_bulk_read.h(45,35): warning C4251: 'dynamixel::GroupBulkRead::length_list_': class 'std::map<uint8_t,uint16_t,std::less<uint8_t>,std::allocator<std::pair<const uint8_t,uint16_t>>>' needs to have dll-interface to be used by clients of class 'dynamixel::GroupBulkRead'
C:\Users\Byte\Downloads\Robot-Kinematics-main(1)\Robot-Kinematics-main\Examples\include\group_bulk_read.h(44): message : see declaration of 'std::map<uint8_t,uint16_t,std::less<uint8_t>,std::allocator<std::pair<const uint8_t,uint16_t>>>'
C:\Users\Byte\Downloads\Robot-Kinematics-main(1)\Robot-Kinematics-main\Examples\include\group_bulk_read.h(46,35): warning C4251: 'dynamixel::GroupBulkRead::data_list_': class 'std::map<uint8_t,uint8_t *,std::less<uint8_t>,std::allocator<std::pair<const uint8_t,uint8_t *>>>' needs to have dll-interface to be used by clients of class 'dynamixel::GroupBulkRead'
C:\Users\Byte\Downloads\Robot-Kinematics-main(1)\Robot-Kinematics-main\Examples\include\group_bulk_read.h(46): message : see declaration of 'std::map<uint8_t,uint8_t *,std::less<uint8_t>,std::allocator<std::pair<const uint8_t,uint8_t *>>>'
C:\Users\Byte\Downloads\Robot-Kinematics-main(1)\Robot-Kinematics-main\Examples\include\group_bulk_read.h(47,35): warning C4251: 'dynamixel::GroupBulkRead::error_list_': class 'std::map<uint8_t,uint8_t *,std::less<uint8_t>,std::allocator<std::pair<const uint8_t,uint8_t *>>>' needs to have dll-interface to be used by clients of class 'dynamixel::GroupBulkRead'
C:\Users\Byte\Downloads\Robot-Kinematics-main(1)\Robot-Kinematics-main\Examples\include\group_bulk_read.h(46): message : see declaration of 'std::map<uint8_t,uint8_t *,std::less<uint8_t>,std::allocator<std::pair<const uint8_t,uint8_t *>>>'
C:\Users\Byte\Downloads\Robot-Kinematics-main(1)\Robot-Kinematics-main\Examples\include\group_bulk_write.h(43,35): warning C4251: 'dynamixel::GroupBulkWrite::id_list_': class 'std::vector<uint8_t,std::allocator<uint8_t>>' needs to have dll-interface to be used by clients of class 'dynamixel::GroupBulkWrite'
C:\Users\Byte\Downloads\Robot-Kinematics-main(1)\Robot-Kinematics-main\Examples\include\packet_handler.h(205): message : see declaration of 'std::vector<uint8_t,std::allocator<uint8_t>>'
C:\Users\Byte\Downloads\Robot-Kinematics-main(1)\Robot-Kinematics-main\Examples\include\group_bulk_write.h(44,35): warning C4251: 'dynamixel::GroupBulkWrite::address_list_': class 'std::map<uint8_t,uint16_t,std::less<uint8_t>,std::allocator<std::pair<const uint8_t,uint16_t>>>' needs to have dll-interface to be used by clients of class 'dynamixel::GroupBulkWrite'
C:\Users\Byte\Downloads\Robot-Kinematics-main(1)\Robot-Kinematics-main\Examples\include\group_bulk_read.h(44): message : see declaration of 'std::map<uint8_t,uint16_t,std::less<uint8_t>,std::allocator<std::pair<const uint8_t,uint16_t>>>'
C:\Users\Byte\Downloads\Robot-Kinematics-main(1)\Robot-Kinematics-main\Examples\include\group_bulk_write.h(45,35): warning C4251: 'dynamixel::GroupBulkWrite::length_list_': class 'std::map<uint8_t,uint16_t,std::less<uint8_t>,std::allocator<std::pair<const uint8_t,uint16_t>>>' needs to have dll-interface to be used by clients of class 'dynamixel::GroupBulkWrite'
C:\Users\Byte\Downloads\Robot-Kinematics-main(1)\Robot-Kinematics-main\Examples\include\group_bulk_read.h(44): message : see declaration of 'std::map<uint8_t,uint16_t,std::less<uint8_t>,std::allocator<std::pair<const uint8_t,uint16_t>>>'
C:\Users\Byte\Downloads\Robot-Kinematics-main(1)\Robot-Kinematics-main\Examples\include\group_bulk_write.h(46,35): warning C4251: 'dynamixel::GroupBulkWrite::data_list_': class 'std::map<uint8_t,uint8_t *,std::less<uint8_t>,std::allocator<std::pair<const uint8_t,uint8_t *>>>' needs to have dll-interface to be used by clients of class 'dynamixel::GroupBulkWrite'
C:\Users\Byte\Downloads\Robot-Kinematics-main(1)\Robot-Kinematics-main\Examples\include\group_bulk_read.h(46): message : see declaration of 'std::map<uint8_t,uint8_t *,std::less<uint8_t>,std::allocator<std::pair<const uint8_t,uint8_t *>>>'
C:\Users\Byte\Downloads\Robot-Kinematics-main(1)\Robot-Kinematics-main\Examples\include\group_sync_read.h(43,35): warning C4251: 'dynamixel::GroupSyncRead::id_list_': class 'std::vector<uint8_t,std::allocator<uint8_t>>' needs to have dll-interface to be used by clients of class 'dynamixel::GroupSyncRead'
C:\Users\Byte\Downloads\Robot-Kinematics-main(1)\Robot-Kinematics-main\Examples\include\packet_handler.h(205): message : see declaration of 'std::vector<uint8_t,std::allocator<uint8_t>>'
C:\Users\Byte\Downloads\Robot-Kinematics-main(1)\Robot-Kinematics-main\Examples\include\group_sync_read.h(44,35): warning C4251: 'dynamixel::GroupSyncRead::data_list_': class 'std::map<uint8_t,uint8_t *,std::less<uint8_t>,std::allocator<std::pair<const uint8_t,uint8_t *>>>' needs to have dll-interface to be used by clients of class 'dynamixel::GroupSyncRead'
C:\Users\Byte\Downloads\Robot-Kinematics-main(1)\Robot-Kinematics-main\Examples\include\group_bulk_read.h(46): message : see declaration of 'std::map<uint8_t,uint8_t *,std::less<uint8_t>,std::allocator<std::pair<const uint8_t,uint8_t *>>>'
C:\Users\Byte\Downloads\Robot-Kinematics-main(1)\Robot-Kinematics-main\Examples\include\group_sync_read.h(45,35): warning C4251: 'dynamixel::GroupSyncRead::error_list_': class 'std::map<uint8_t,uint8_t *,std::less<uint8_t>,std::allocator<std::pair<const uint8_t,uint8_t *>>>' needs to have dll-interface to be used by clients of class 'dynamixel::GroupSyncRead'
C:\Users\Byte\Downloads\Robot-Kinematics-main(1)\Robot-Kinematics-main\Examples\include\group_bulk_read.h(46): message : see declaration of 'std::map<uint8_t,uint8_t *,std::less<uint8_t>,std::allocator<std::pair<const uint8_t,uint8_t *>>>'
C:\Users\Byte\Downloads\Robot-Kinematics-main(1)\Robot-Kinematics-main\Examples\include\group_sync_write.h(43,35): warning C4251: 'dynamixel::GroupSyncWrite::id_list_': class 'std::vector<uint8_t,std::allocator<uint8_t>>' needs to have dll-interface to be used by clients of class 'dynamixel::GroupSyncWrite'
C:\Users\Byte\Downloads\Robot-Kinematics-main(1)\Robot-Kinematics-main\Examples\include\packet_handler.h(205): message : see declaration of 'std::vector<uint8_t,std::allocator<uint8_t>>'
C:\Users\Byte\Downloads\Robot-Kinematics-main(1)\Robot-Kinematics-main\Examples\include\group_sync_write.h(44,35): warning C4251: 'dynamixel::GroupSyncWrite::data_list_': class 'std::map<uint8_t,uint8_t *,std::less<uint8_t>,std::allocator<std::pair<const uint8_t,uint8_t *>>>' needs to have dll-interface to be used by clients of class 'dynamixel::GroupSyncWrite'
C:\Users\Byte\Downloads\Robot-Kinematics-main(1)\Robot-Kinematics-main\Examples\include\group_bulk_read.h(46): message : see declaration of 'std::map<uint8_t,uint8_t *,std::less<uint8_t>,std::allocator<std::pair<const uint8_t,uint8_t *>>>'
  Generating code
  Previous IPDB was built with incompatible compiler, fall back to full compilation.
  All 2728 functions were compiled because no usable IPDB/IOBJ from previous compilation was found.
  Finished generating code
  program.vcxproj -> C:\Users\Byte\Downloads\Robot-Kinematics-main(1)\Robot-Kinematics-main\Examples\Inverse Kinematic Control\x64\Release\read.exe
