C:\Program Files\Microsoft Visual Studio\2022\Community\MSBuild\Microsoft\VC\v170\Microsoft.CppBuild.targets(510,5): warning MSB8028: The intermediate directory (x64\Release\) contains files shared from another project (program.vcxproj).  This can lead to incorrect clean and rebuild behavior.
  Action.cpp
C:\Users\User\Documents\aSpring_2022\Robot Kinematics\Projects\Robot-Kinematics\Examples\example_Refactored\program\Action.cpp(75,18): warning C4244: 'initializing': conversion from 'double' to 'int', possible loss of data
  GaussianMixModel.cpp
  Source.cpp
C:\Users\User\Documents\aSpring_2022\Robot Kinematics\Projects\Robot-Kinematics\Examples\include\group_bulk_read.h(43,35): warning C4251: 'dynamixel::GroupBulkRead::id_list_': class 'std::vector<uint8_t,std::allocator<uint8_t>>' needs to have dll-interface to be used by clients of class 'dynamixel::GroupBulkRead'
C:\Users\User\Documents\aSpring_2022\Robot Kinematics\Projects\Robot-Kinematics\Examples\include\packet_handler.h(205): message : see declaration of 'std::vector<uint8_t,std::allocator<uint8_t>>'
C:\Users\User\Documents\aSpring_2022\Robot Kinematics\Projects\Robot-Kinematics\Examples\include\group_bulk_read.h(44,35): warning C4251: 'dynamixel::GroupBulkRead::address_list_': class 'std::map<uint8_t,uint16_t,std::less<uint8_t>,std::allocator<std::pair<const uint8_t,uint16_t>>>' needs to have dll-interface to be used by clients of class 'dynamixel::GroupBulkRead'
C:\Users\User\Documents\aSpring_2022\Robot Kinematics\Projects\Robot-Kinematics\Examples\include\group_bulk_read.h(44): message : see declaration of 'std::map<uint8_t,uint16_t,std::less<uint8_t>,std::allocator<std::pair<const uint8_t,uint16_t>>>'
C:\Users\User\Documents\aSpring_2022\Robot Kinematics\Projects\Robot-Kinematics\Examples\include\group_bulk_read.h(45,35): warning C4251: 'dynamixel::GroupBulkRead::length_list_': class 'std::map<uint8_t,uint16_t,std::less<uint8_t>,std::allocator<std::pair<const uint8_t,uint16_t>>>' needs to have dll-interface to be used by clients of class 'dynamixel::GroupBulkRead'
C:\Users\User\Documents\aSpring_2022\Robot Kinematics\Projects\Robot-Kinematics\Examples\include\group_bulk_read.h(44): message : see declaration of 'std::map<uint8_t,uint16_t,std::less<uint8_t>,std::allocator<std::pair<const uint8_t,uint16_t>>>'
C:\Users\User\Documents\aSpring_2022\Robot Kinematics\Projects\Robot-Kinematics\Examples\include\group_bulk_read.h(46,35): warning C4251: 'dynamixel::GroupBulkRead::data_list_': class 'std::map<uint8_t,uint8_t *,std::less<uint8_t>,std::allocator<std::pair<const uint8_t,uint8_t *>>>' needs to have dll-interface to be used by clients of class 'dynamixel::GroupBulkRead'
C:\Users\User\Documents\aSpring_2022\Robot Kinematics\Projects\Robot-Kinematics\Examples\include\group_bulk_read.h(46): message : see declaration of 'std::map<uint8_t,uint8_t *,std::less<uint8_t>,std::allocator<std::pair<const uint8_t,uint8_t *>>>'
C:\Users\User\Documents\aSpring_2022\Robot Kinematics\Projects\Robot-Kinematics\Examples\include\group_bulk_read.h(47,35): warning C4251: 'dynamixel::GroupBulkRead::error_list_': class 'std::map<uint8_t,uint8_t *,std::less<uint8_t>,std::allocator<std::pair<const uint8_t,uint8_t *>>>' needs to have dll-interface to be used by clients of class 'dynamixel::GroupBulkRead'
C:\Users\User\Documents\aSpring_2022\Robot Kinematics\Projects\Robot-Kinematics\Examples\include\group_bulk_read.h(46): message : see declaration of 'std::map<uint8_t,uint8_t *,std::less<uint8_t>,std::allocator<std::pair<const uint8_t,uint8_t *>>>'
C:\Users\User\Documents\aSpring_2022\Robot Kinematics\Projects\Robot-Kinematics\Examples\include\group_bulk_write.h(43,35): warning C4251: 'dynamixel::GroupBulkWrite::id_list_': class 'std::vector<uint8_t,std::allocator<uint8_t>>' needs to have dll-interface to be used by clients of class 'dynamixel::GroupBulkWrite'
C:\Users\User\Documents\aSpring_2022\Robot Kinematics\Projects\Robot-Kinematics\Examples\include\packet_handler.h(205): message : see declaration of 'std::vector<uint8_t,std::allocator<uint8_t>>'
C:\Users\User\Documents\aSpring_2022\Robot Kinematics\Projects\Robot-Kinematics\Examples\include\group_bulk_write.h(44,35): warning C4251: 'dynamixel::GroupBulkWrite::address_list_': class 'std::map<uint8_t,uint16_t,std::less<uint8_t>,std::allocator<std::pair<const uint8_t,uint16_t>>>' needs to have dll-interface to be used by clients of class 'dynamixel::GroupBulkWrite'
C:\Users\User\Documents\aSpring_2022\Robot Kinematics\Projects\Robot-Kinematics\Examples\include\group_bulk_read.h(44): message : see declaration of 'std::map<uint8_t,uint16_t,std::less<uint8_t>,std::allocator<std::pair<const uint8_t,uint16_t>>>'
C:\Users\User\Documents\aSpring_2022\Robot Kinematics\Projects\Robot-Kinematics\Examples\include\group_bulk_write.h(45,35): warning C4251: 'dynamixel::GroupBulkWrite::length_list_': class 'std::map<uint8_t,uint16_t,std::less<uint8_t>,std::allocator<std::pair<const uint8_t,uint16_t>>>' needs to have dll-interface to be used by clients of class 'dynamixel::GroupBulkWrite'
C:\Users\User\Documents\aSpring_2022\Robot Kinematics\Projects\Robot-Kinematics\Examples\include\group_bulk_read.h(44): message : see declaration of 'std::map<uint8_t,uint16_t,std::less<uint8_t>,std::allocator<std::pair<const uint8_t,uint16_t>>>'
C:\Users\User\Documents\aSpring_2022\Robot Kinematics\Projects\Robot-Kinematics\Examples\include\group_bulk_write.h(46,35): warning C4251: 'dynamixel::GroupBulkWrite::data_list_': class 'std::map<uint8_t,uint8_t *,std::less<uint8_t>,std::allocator<std::pair<const uint8_t,uint8_t *>>>' needs to have dll-interface to be used by clients of class 'dynamixel::GroupBulkWrite'
C:\Users\User\Documents\aSpring_2022\Robot Kinematics\Projects\Robot-Kinematics\Examples\include\group_bulk_read.h(46): message : see declaration of 'std::map<uint8_t,uint8_t *,std::less<uint8_t>,std::allocator<std::pair<const uint8_t,uint8_t *>>>'
C:\Users\User\Documents\aSpring_2022\Robot Kinematics\Projects\Robot-Kinematics\Examples\include\group_sync_read.h(43,35): warning C4251: 'dynamixel::GroupSyncRead::id_list_': class 'std::vector<uint8_t,std::allocator<uint8_t>>' needs to have dll-interface to be used by clients of class 'dynamixel::GroupSyncRead'
C:\Users\User\Documents\aSpring_2022\Robot Kinematics\Projects\Robot-Kinematics\Examples\include\packet_handler.h(205): message : see declaration of 'std::vector<uint8_t,std::allocator<uint8_t>>'
C:\Users\User\Documents\aSpring_2022\Robot Kinematics\Projects\Robot-Kinematics\Examples\include\group_sync_read.h(44,35): warning C4251: 'dynamixel::GroupSyncRead::data_list_': class 'std::map<uint8_t,uint8_t *,std::less<uint8_t>,std::allocator<std::pair<const uint8_t,uint8_t *>>>' needs to have dll-interface to be used by clients of class 'dynamixel::GroupSyncRead'
C:\Users\User\Documents\aSpring_2022\Robot Kinematics\Projects\Robot-Kinematics\Examples\include\group_bulk_read.h(46): message : see declaration of 'std::map<uint8_t,uint8_t *,std::less<uint8_t>,std::allocator<std::pair<const uint8_t,uint8_t *>>>'
C:\Users\User\Documents\aSpring_2022\Robot Kinematics\Projects\Robot-Kinematics\Examples\include\group_sync_read.h(45,35): warning C4251: 'dynamixel::GroupSyncRead::error_list_': class 'std::map<uint8_t,uint8_t *,std::less<uint8_t>,std::allocator<std::pair<const uint8_t,uint8_t *>>>' needs to have dll-interface to be used by clients of class 'dynamixel::GroupSyncRead'
C:\Users\User\Documents\aSpring_2022\Robot Kinematics\Projects\Robot-Kinematics\Examples\include\group_bulk_read.h(46): message : see declaration of 'std::map<uint8_t,uint8_t *,std::less<uint8_t>,std::allocator<std::pair<const uint8_t,uint8_t *>>>'
C:\Users\User\Documents\aSpring_2022\Robot Kinematics\Projects\Robot-Kinematics\Examples\include\group_sync_write.h(43,35): warning C4251: 'dynamixel::GroupSyncWrite::id_list_': class 'std::vector<uint8_t,std::allocator<uint8_t>>' needs to have dll-interface to be used by clients of class 'dynamixel::GroupSyncWrite'
C:\Users\User\Documents\aSpring_2022\Robot Kinematics\Projects\Robot-Kinematics\Examples\include\packet_handler.h(205): message : see declaration of 'std::vector<uint8_t,std::allocator<uint8_t>>'
C:\Users\User\Documents\aSpring_2022\Robot Kinematics\Projects\Robot-Kinematics\Examples\include\group_sync_write.h(44,35): warning C4251: 'dynamixel::GroupSyncWrite::data_list_': class 'std::map<uint8_t,uint8_t *,std::less<uint8_t>,std::allocator<std::pair<const uint8_t,uint8_t *>>>' needs to have dll-interface to be used by clients of class 'dynamixel::GroupSyncWrite'
C:\Users\User\Documents\aSpring_2022\Robot Kinematics\Projects\Robot-Kinematics\Examples\include\group_bulk_read.h(46): message : see declaration of 'std::map<uint8_t,uint8_t *,std::less<uint8_t>,std::allocator<std::pair<const uint8_t,uint8_t *>>>'
C:\Users\User\Documents\aSpring_2022\Robot Kinematics\Projects\Robot-Kinematics\Examples\example_Refactored\program\Source.cpp(126,27): warning C4244: '=': conversion from 'int' to 'float', possible loss of data
C:\Users\User\Documents\aSpring_2022\Robot Kinematics\Projects\Robot-Kinematics\Examples\example_Refactored\program\Source.cpp(180,28): warning C4244: '=': conversion from 'int' to 'float', possible loss of data
  TrainingData.cpp
C:\Users\User\Documents\aSpring_2022\Robot Kinematics\Projects\Robot-Kinematics\Examples\example_Refactored\program\TrainingData.cpp(93,12): warning C4244: 'initializing': conversion from '_Ty' to 'int', possible loss of data
          with
          [
              _Ty=float
          ]
C:\Users\User\Documents\aSpring_2022\Robot Kinematics\Projects\Robot-Kinematics\Examples\example_Refactored\program\TrainingData.cpp(112,25): warning C4267: 'return': conversion from 'size_t' to 'int', possible loss of data
  Generating code
  3 of 1113 functions ( 0.3%) were compiled, the rest were copied from previous compilation.
    1 functions were new in current compilation
    97 functions had inline decision re-evaluated but remain unchanged
  Finished generating code
easy_dynamixel.lib(easy_dynamixel.obj) : warning LNK4099: PDB 'easy_dynamixel.pdb' was not found with 'easy_dynamixel.lib(easy_dynamixel.obj)' or at 'C:\Users\User\Documents\aSpring_2022\Robot Kinematics\Projects\Robot-Kinematics\Examples\example_Refactored\x64\Release\easy_dynamixel.pdb'; linking object as if no debug info
  program.vcxproj -> C:\Users\User\Documents\aSpring_2022\Robot Kinematics\Projects\Robot-Kinematics\Examples\example_Refactored\x64\Release\read.exe
