c:\users\user\documents\aspring_2022\robot kinematics\dynamixel\examples\example_refactored\program\x64\release\vc143.pdb
c:\users\user\documents\aspring_2022\robot kinematics\dynamixel\examples\example_refactored\program\x64\release\source.obj
c:\users\user\documents\aspring_2022\robot kinematics\dynamixel\examples\example_refactored\program\x64\release\blink.obj
c:\users\user\documents\aspring_2022\robot kinematics\dynamixel\examples\example_refactored\program\x64\release\forwardkinematics.obj
c:\users\user\documents\aspring_2022\robot kinematics\dynamixel\examples\example_refactored\program\x64\release\gaussianmixmodel.obj
c:\users\user\documents\aspring_2022\robot kinematics\dynamixel\examples\example_refactored\program\x64\release\dataset.obj
c:\users\user\desktop\examples\example_refactored\program\x64\release\vc143.pdb
c:\users\user\desktop\examples\example_refactored\program\x64\release\motormodel.obj
c:\users\user\desktop\examples\example_refactored\program\x64\release\forwardkinematics.obj
c:\users\user\desktop\examples\example_refactored\program\x64\release\dataset.obj
c:\users\user\desktop\examples\example_refactored\program\x64\release\gaussianmixmodel.obj
c:\users\user\desktop\examples\example_refactored\program\x64\release\source.obj
c:\users\user\desktop\examples\example_refactored\program\x64\release\action.obj
c:\users\byte\documents\github\robot-kinematics\examples\example_refactored\program\x64\release\vc143.pdb
c:\users\byte\documents\github\robot-kinematics\examples\example_refactored\program\x64\release\trainingdata.obj
c:\users\byte\documents\github\robot-kinematics\examples\example_refactored\program\x64\release\source.obj
c:\users\byte\documents\github\robot-kinematics\examples\example_refactored\program\x64\release\motormodel.obj
c:\users\byte\documents\github\robot-kinematics\examples\example_refactored\program\x64\release\gaussianmixmodel.obj
c:\users\byte\documents\github\robot-kinematics\examples\example_refactored\program\x64\release\forwardkinematics.obj
c:\users\byte\documents\github\robot-kinematics\examples\example_refactored\program\x64\release\dataset.obj
c:\users\byte\documents\github\robot-kinematics\examples\example_refactored\program\x64\release\action.obj
c:\users\user\documents\aspring_2022\robot kinematics\dynamixel\examples\example_refactored\x64\release\read.exe
c:\users\user\documents\aspring_2022\robot kinematics\dynamixel\examples\example_refactored\program\x64\release\read.ipdb
c:\users\user\documents\aspring_2022\robot kinematics\dynamixel\examples\example_refactored\x64\release\read.pdb
c:\users\user\documents\aspring_2022\robot kinematics\dynamixel\examples\example_refactored\program\x64\release\read.iobj
c:\users\user\desktop\examples\example_refactored\x64\release\read.exe
c:\users\user\desktop\examples\example_refactored\program\x64\release\read.ipdb
c:\users\user\desktop\examples\example_refactored\x64\release\read.pdb
c:\users\user\desktop\examples\example_refactored\program\x64\release\read.iobj
c:\users\user\documents\aspring_2022\robot kinematics\projects\robot-kinematics\examples\example_refactored\program\x64\release\action.obj
c:\users\user\documents\aspring_2022\robot kinematics\projects\robot-kinematics\examples\example_refactored\program\x64\release\blink.obj
c:\users\user\documents\aspring_2022\robot kinematics\projects\robot-kinematics\examples\example_refactored\program\x64\release\dataset.obj
c:\users\user\documents\aspring_2022\robot kinematics\projects\robot-kinematics\examples\example_refactored\program\x64\release\forwardkinematics.obj
c:\users\user\documents\aspring_2022\robot kinematics\projects\robot-kinematics\examples\example_refactored\program\x64\release\gaussianmixmodel.obj
c:\users\user\documents\aspring_2022\robot kinematics\projects\robot-kinematics\examples\example_refactored\program\x64\release\motormodel.obj
c:\users\user\documents\aspring_2022\robot kinematics\projects\robot-kinematics\examples\example_refactored\program\x64\release\source.obj
c:\users\user\documents\aspring_2022\robot kinematics\projects\robot-kinematics\examples\example_refactored\program\x64\release\trainingdata.obj
c:\users\user\documents\aspring_2022\robot kinematics\projects\robot-kinematics\examples\example_refactored\program\x64\release\program.ipdb
c:\users\user\documents\aspring_2022\robot kinematics\projects\robot-kinematics\examples\example_refactored\program\x64\release\read.ipdb
c:\users\user\documents\aspring_2022\robot kinematics\projects\robot-kinematics\examples\example_refactored\program\x64\release\program.iobj
c:\users\user\documents\aspring_2022\robot kinematics\projects\robot-kinematics\examples\example_refactored\program\x64\release\read.iobj
c:\users\user\documents\aspring_2022\robot kinematics\projects\robot-kinematics\examples\example_refactored\program\x64\release\vc143.pdb
c:\users\user\documents\aspring_2022\robot kinematics\projects\robot-kinematics\examples\example_refactored\x64\release\read.pdb
c:\users\user\documents\aspring_2022\robot kinematics\projects\robot-kinematics\examples\example_refactored\program\x64\release\read.tlog\cl.command.1.tlog
c:\users\user\documents\aspring_2022\robot kinematics\projects\robot-kinematics\examples\example_refactored\program\x64\release\read.tlog\cl.read.1.tlog
c:\users\user\documents\aspring_2022\robot kinematics\projects\robot-kinematics\examples\example_refactored\program\x64\release\read.tlog\cl.write.1.tlog
c:\users\user\documents\aspring_2022\robot kinematics\projects\robot-kinematics\examples\example_refactored\program\x64\release\read.tlog\link.command.1.tlog
c:\users\user\documents\aspring_2022\robot kinematics\projects\robot-kinematics\examples\example_refactored\program\x64\release\read.tlog\link.read.1.tlog
c:\users\user\documents\aspring_2022\robot kinematics\projects\robot-kinematics\examples\example_refactored\program\x64\release\read.tlog\link.write.1.tlog
